TN:
SF:C:\Users\dmlfo\express\restapi\src\configs\sequelize.js
FNF:0
FNH:0
DA:1,1
DA:3,1
DA:4,1
DA:7,1
DA:25,1
LF:5
LH:5
BRDA:3,0,0,1
BRDA:3,0,1,0
BRF:2
BRH:1
end_of_record
TN:
SF:C:\Users\dmlfo\express\restapi\src\models\index.js
FN:18,(anonymous_0)
FN:19,(anonymous_1)
FN:24,(anonymous_2)
FNF:3
FNH:3
FNDA:2,(anonymous_0)
FNDA:1,(anonymous_1)
FNDA:1,(anonymous_2)
DA:4,1
DA:5,1
DA:6,1
DA:8,1
DA:11,1
DA:12,0
DA:14,1
DA:17,1
DA:18,2
DA:20,1
DA:21,1
DA:24,1
DA:25,1
DA:26,1
DA:30,1
DA:31,1
LF:16
LH:15
BRDA:11,0,0,0
BRDA:11,0,1,1
BRDA:18,1,0,2
BRDA:18,1,1,2
BRDA:18,1,2,1
BRDA:25,2,0,1
BRDA:25,2,1,0
BRF:7
BRH:5
end_of_record
TN:
SF:C:\Users\dmlfo\express\restapi\src\models\user.model.js
FN:7,(anonymous_0)
FN:13,(anonymous_1)
FN:14,(anonymous_2)
FN:35,(anonymous_3)
FNF:4
FNH:4
FNDA:1,(anonymous_0)
FNDA:1,(anonymous_1)
FNDA:1,(anonymous_2)
FNDA:1,(anonymous_3)
DA:7,1
DA:8,1
DA:13,1
DA:15,1
DA:35,1
DA:41,1
LF:6
LH:6
BRF:0
BRH:0
end_of_record
TN:
SF:C:\Users\dmlfo\express\restapi\src\utils\uuid.js
FN:3,(anonymous_0)
FNF:1
FNH:1
FNDA:2,(anonymous_0)
DA:3,1
DA:4,2
DA:5,2
LF:3
LH:3
BRF:0
BRH:0
end_of_record
